"../../../Engine/Content/EngineMaterials/T_Default_Material_Grid_M.ubulk" 0
"../../../Engine/Content/EngineMaterials/T_Default_Material_Grid_M.uasset" 1
"../../../Engine/Content/EngineMaterials/T_Default_Material_Grid_M.uexp" 2
"../../../Engine/Content/EngineMaterials/T_Default_Material_Grid_N.ubulk" 3
"../../../Engine/Content/EngineMaterials/T_Default_Material_Grid_N.uasset" 4
"../../../Engine/Content/EngineMaterials/T_Default_Material_Grid_N.uexp" 5
"../../../Engine/Content/Functions/Engine_MaterialFunctions01/Opacity/CameraDepthFade.uasset" 6
"../../../Engine/Content/Functions/Engine_MaterialFunctions01/Opacity/CameraDepthFade.uexp" 7
"../../../Engine/Content/EngineMaterials/WorldGridMaterial.uasset" 8
"../../../Engine/Content/EngineMaterials/WorldGridMaterial.uexp" 9
"../../../Engine/Content/BasicShapes/Plane.ubulk" 10
"../../../Engine/Content/BasicShapes/Plane.uasset" 11
"../../../Engine/Content/BasicShapes/Plane.uexp" 12
"../../../Engine/Content/EngineMaterials/DefaultMaterial.uasset" 13
"../../../Engine/Content/EngineMaterials/DefaultMaterial.uexp" 14
"../../../Engine/Content/BasicShapes/Cylinder.ubulk" 15
"../../../Engine/Content/BasicShapes/Cylinder.uasset" 16
"../../../Engine/Content/BasicShapes/Cylinder.uexp" 17
"../../../Engine/Content/ArtTools/RenderToTexture/Meshes/S_1_Unit_Plane.ubulk" 18
"../../../Engine/Content/ArtTools/RenderToTexture/Meshes/S_1_Unit_Plane.uasset" 19
"../../../Engine/Content/ArtTools/RenderToTexture/Meshes/S_1_Unit_Plane.uexp" 20
"../../../Engine/Content/EditorMaterials/PreviewShadowIndicator.ubulk" 21
"../../../Engine/Content/EditorMaterials/PreviewShadowIndicator.uasset" 22
"../../../Engine/Content/EditorMaterials/PreviewShadowIndicator.uexp" 23
"../../../Engine/Content/EditorMaterials/PreviewShadowIndicatorMaterial.uasset" 24
"../../../Engine/Content/EditorMaterials/PreviewShadowIndicatorMaterial.uexp" 25
"../../../Engine/Content/EditorMaterials/MAT_Groups_Visibility.uasset" 26
"../../../Engine/Content/EditorMaterials/MAT_Groups_Visibility.uexp" 27
"../../../Engine/Content/EditorMaterials/MAT_Groups_Toggle.uasset" 28
"../../../Engine/Content/EditorMaterials/MAT_Groups_Toggle.uexp" 29
"../../../Engine/Content/EditorLandscapeResources/DefaultAlphaTexture.uasset" 30
"../../../Engine/Content/EditorLandscapeResources/DefaultAlphaTexture.uexp" 31
"../../../Engine/Content/EditorLandscapeResources/DataLayer.uasset" 32
"../../../Engine/Content/EditorLandscapeResources/DataLayer.uexp" 33
"../../../Engine/Content/Functions/Engine_MaterialFunctions02/Utility/MakeFloat4.uasset" 34
"../../../Engine/Content/Functions/Engine_MaterialFunctions02/Utility/MakeFloat4.uexp" 35
"../../../Engine/Content/Functions/Engine_MaterialFunctions02/Utility/MakeFloat3.uasset" 36
"../../../Engine/Content/Functions/Engine_MaterialFunctions02/Utility/MakeFloat3.uexp" 37
"../../../Engine/Content/Functions/Engine_MaterialFunctions02/Utility/BreakOutFloat3Components.uasset" 38
"../../../Engine/Content/Functions/Engine_MaterialFunctions02/Utility/BreakOutFloat3Components.uexp" 39
"../../../Engine/Content/EditorMaterials/WorldPartition/WorldPartitionSpatialHashGridPreviewMaterial.uasset" 40
"../../../Engine/Content/EditorMaterials/WorldPartition/WorldPartitionSpatialHashGridPreviewMaterial.uexp" 41
"../../../Engine/Content/EditorMaterials/ParticleSystems/PSysThumbnail_OOD.ubulk" 42
"../../../Engine/Content/EditorMaterials/ParticleSystems/PSysThumbnail_OOD.uasset" 43
"../../../Engine/Content/EditorMaterials/ParticleSystems/PSysThumbnail_OOD.uexp" 44
"../../../Engine/Content/EditorMaterials/ParticleSystems/PSysThumbnail_NoImage.ubulk" 45
"../../../Engine/Content/EditorMaterials/ParticleSystems/PSysThumbnail_NoImage.uasset" 46
"../../../Engine/Content/EditorMaterials/ParticleSystems/PSysThumbnail_NoImage.uexp" 47
"../../../Engine/Content/EditorMaterials/MatineeGroups/MAT_Groups_Vector.uasset" 48
"../../../Engine/Content/EditorMaterials/MatineeGroups/MAT_Groups_Vector.uexp" 49
"../../../Engine/Content/EditorMaterials/MatineeGroups/MAT_Groups_Sound.uasset" 50
"../../../Engine/Content/EditorMaterials/MatineeGroups/MAT_Groups_Sound.uexp" 51
"../../../Engine/Content/EditorMaterials/MatineeGroups/MAT_Groups_Slomo.uasset" 52
"../../../Engine/Content/EditorMaterials/MatineeGroups/MAT_Groups_Slomo.uexp" 53
"../../../Engine/Content/EditorMaterials/MatineeGroups/MAT_Groups_Move.uasset" 54
"../../../Engine/Content/EditorMaterials/MatineeGroups/MAT_Groups_Move.uexp" 55
"../../../Engine/Content/EditorMaterials/MatineeGroups/MAT_Groups_Float.uasset" 56
"../../../Engine/Content/EditorMaterials/MatineeGroups/MAT_Groups_Float.uexp" 57
"../../../Engine/Content/EditorMaterials/MatineeGroups/MAT_Groups_Fade.uasset" 58
"../../../Engine/Content/EditorMaterials/MatineeGroups/MAT_Groups_Fade.uexp" 59
"../../../Engine/Content/EditorMaterials/MatineeGroups/MAT_Groups_Event.uasset" 60
"../../../Engine/Content/EditorMaterials/MatineeGroups/MAT_Groups_Event.uexp" 61
"../../../Engine/Content/EditorMaterials/MatineeGroups/MAT_Groups_Director.uasset" 62
"../../../Engine/Content/EditorMaterials/MatineeGroups/MAT_Groups_Director.uexp" 63
"../../../Engine/Content/EditorMaterials/MatineeGroups/MAT_Groups_AudioMaster.uasset" 64
"../../../Engine/Content/EditorMaterials/MatineeGroups/MAT_Groups_AudioMaster.uexp" 65
"../../../Engine/Content/EditorMaterials/MatineeGroups/MAT_Groups_Anim.uasset" 66
"../../../Engine/Content/EditorMaterials/MatineeGroups/MAT_Groups_Anim.uexp" 67
"../../../Engine/Content/EditorMaterials/MatineeGroups/MAT_ColorTrack.uasset" 68
"../../../Engine/Content/EditorMaterials/MatineeGroups/MAT_ColorTrack.uexp" 69
"../../../Engine/Content/EditorMaterials/Camera/CineMat.uasset" 70
"../../../Engine/Content/EditorMaterials/Camera/CineMat.uexp" 71
"../../../Engine/Content/EditorMaterials/Camera/MI_CineMat_Rig.uasset" 72
"../../../Engine/Content/EditorMaterials/Camera/MI_CineMat_Rig.uexp" 73
"../../../Engine/Content/EditorMeshes/Camera/SM_RailRig_Track.ubulk" 74
"../../../Engine/Content/EditorMeshes/Camera/SM_RailRig_Track.uasset" 75
"../../../Engine/Content/EditorMeshes/Camera/SM_RailRig_Track.uexp" 76
"../../../Engine/Content/EditorMeshes/Camera/SM_RailRig_Mount.ubulk" 77
"../../../Engine/Content/EditorMeshes/Camera/SM_RailRig_Mount.uasset" 78
"../../../Engine/Content/EditorMeshes/Camera/SM_RailRig_Mount.uexp" 79
"../../../Engine/Content/EditorMeshes/Camera/SM_CraneRig_Mount.ubulk" 80
"../../../Engine/Content/EditorMeshes/Camera/SM_CraneRig_Mount.uasset" 81
"../../../Engine/Content/EditorMeshes/Camera/SM_CraneRig_Mount.uexp" 82
"../../../Engine/Content/EditorMeshes/Camera/SM_CraneRig_Body.ubulk" 83
"../../../Engine/Content/EditorMeshes/Camera/SM_CraneRig_Body.uasset" 84
"../../../Engine/Content/EditorMeshes/Camera/SM_CraneRig_Body.uexp" 85
"../../../Engine/Content/EditorMeshes/Camera/SM_CraneRig_Base.ubulk" 86
"../../../Engine/Content/EditorMeshes/Camera/SM_CraneRig_Base.uasset" 87
"../../../Engine/Content/EditorMeshes/Camera/SM_CraneRig_Base.uexp" 88
"../../../Engine/Content/EditorMeshes/Camera/SM_CraneRig_Arm.ubulk" 89
"../../../Engine/Content/EditorMeshes/Camera/SM_CraneRig_Arm.uasset" 90
"../../../Engine/Content/EditorMeshes/Camera/SM_CraneRig_Arm.uexp" 91
"../../../Engine/Content/EditorResources/S_TriggerSphere.uasset" 92
"../../../Engine/Content/EditorResources/S_TriggerSphere.uexp" 93
"../../../Engine/Content/EditorResources/S_TriggerCapsule.uasset" 94
"../../../Engine/Content/EditorResources/S_TriggerCapsule.uexp" 95
"../../../Engine/Content/EditorResources/S_TriggerBox.uasset" 96
"../../../Engine/Content/EditorResources/S_TriggerBox.uexp" 97
"../../../Engine/Content/EditorResources/S_Trigger.ubulk" 98
"../../../Engine/Content/EditorResources/S_Trigger.uasset" 99
"../../../Engine/Content/EditorResources/S_Trigger.uexp" 100
"../../../Engine/Content/EditorResources/S_Terrain.ubulk" 101
"../../../Engine/Content/EditorResources/S_Terrain.uasset" 102
"../../../Engine/Content/EditorResources/S_Terrain.uexp" 103
"../../../Engine/Content/EditorResources/S_Solver.ubulk" 104
"../../../Engine/Content/EditorResources/S_Solver.uasset" 105
"../../../Engine/Content/EditorResources/S_Solver.uexp" 106
"../../../Engine/Content/EditorResources/S_BoxReflectionCapture.uasset" 107
"../../../Engine/Content/EditorResources/S_BoxReflectionCapture.uexp" 108
"../../../Engine/Content/EditorResources/S_Actor.ubulk" 109
"../../../Engine/Content/EditorResources/S_Actor.uasset" 110
"../../../Engine/Content/EditorResources/S_Actor.uexp" 111
"../../../Engine/Content/EditorResources/EmptyActor.uasset" 112
"../../../Engine/Content/EditorResources/EmptyActor.uexp" 113
"../../../Engine/Content/EditorResources/BSPVertex.uasset" 114
"../../../Engine/Content/EditorResources/BSPVertex.uexp" 115
"../../../Engine/Content/EditorResources/SequenceRecorder/RecordingIndicator.uasset" 116
"../../../Engine/Content/EditorResources/SequenceRecorder/RecordingIndicator.uexp" 117
"../../../Engine/Content/EditorResources/SequenceRecorder/Countdown.uasset" 118
"../../../Engine/Content/EditorResources/SequenceRecorder/Countdown.uexp" 119
"../../../Engine/Content/EngineDamageTypes/DmgTypeBP_Environmental.uasset" 120
"../../../Engine/Content/EngineDamageTypes/DmgTypeBP_Environmental.uexp" 121
"../../../Engine/Content/Functions/Engine_MaterialFunctions02/Utility/CameraDirectionVector.uasset" 122
"../../../Engine/Content/Functions/Engine_MaterialFunctions02/Utility/CameraDirectionVector.uexp" 123
"../../../Engine/Content/EngineDebugMaterials/VolumeToRender.uasset" 124
"../../../Engine/Content/EngineDebugMaterials/VolumeToRender.uexp" 125
"../../../Engine/Content/EngineDebugMaterials/M_VolumeRenderSphereTracePP.uasset" 126
"../../../Engine/Content/EngineDebugMaterials/M_VolumeRenderSphereTracePP.uexp" 127
"../../../Engine/Content/EngineDebugMaterials/M_SimpleUnlitTranslucent.uasset" 128
"../../../Engine/Content/EngineDebugMaterials/M_SimpleUnlitTranslucent.uexp" 129
"../../../Engine/Content/EngineDebugMaterials/DebugMeshMaterial.uasset" 130
"../../../Engine/Content/EngineDebugMaterials/DebugMeshMaterial.uexp" 131
"../../../Engine/Content/EngineDebugMaterials/DebugEditorMaterial.uasset" 132
"../../../Engine/Content/EngineDebugMaterials/DebugEditorMaterial.uexp" 133
"../../../Engine/Content/EngineFonts/Faces/RobotoLight.uexp" 134
"../../../Engine/Content/EngineFonts/Faces/RobotoLight.uasset" 135
"../../../Engine/Content/EngineFonts/Faces/RobotoLight.ufont" 136
"../../../Engine/Content/EngineFonts/Faces/RobotoBold.uexp" 137
"../../../Engine/Content/EngineFonts/Faces/RobotoBold.uasset" 138
"../../../Engine/Content/EngineFonts/Faces/RobotoBold.ufont" 139
"../../../Engine/Content/EngineFonts/Faces/RobotoRegular.uexp" 140
"../../../Engine/Content/EngineFonts/Faces/RobotoRegular.uasset" 141
"../../../Engine/Content/EngineFonts/Faces/RobotoRegular.ufont" 142
"../../../Engine/Content/EngineFonts/Faces/DroidSansFallback.uexp" 143
"../../../Engine/Content/EngineFonts/Faces/DroidSansFallback.uasset" 144
"../../../Engine/Content/EngineFonts/Faces/DroidSansFallback.ufont" 145
"../../../Engine/Content/EngineFonts/Faces/RobotoItalic.uexp" 146
"../../../Engine/Content/EngineFonts/Faces/RobotoItalic.uasset" 147
"../../../Engine/Content/EngineFonts/Faces/RobotoItalic.ufont" 148
"../../../Engine/Content/EngineFonts/Faces/RobotoBoldItalic.uexp" 149
"../../../Engine/Content/EngineFonts/Faces/RobotoBoldItalic.uasset" 150
"../../../Engine/Content/EngineFonts/Faces/RobotoBoldItalic.ufont" 151
"../../../Engine/Content/EngineFonts/Roboto.uasset" 152
"../../../Engine/Content/EngineFonts/Roboto.uexp" 153
"../../../Engine/Content/EngineResources/WhiteSquareTexture.uasset" 154
"../../../Engine/Content/EngineResources/WhiteSquareTexture.uexp" 155
"../../../Engine/Content/EngineMaterials/Widget3DPassThrough.uasset" 156
"../../../Engine/Content/EngineMaterials/Widget3DPassThrough.uexp" 157
"../../../Engine/Content/EngineMaterials/Widget3DPassThrough_Translucent.uasset" 158
"../../../Engine/Content/EngineMaterials/Widget3DPassThrough_Translucent.uexp" 159
"../../../Engine/Content/EngineMaterials/Widget3DPassThrough_Translucent_OneSided.uasset" 160
"../../../Engine/Content/EngineMaterials/Widget3DPassThrough_Translucent_OneSided.uexp" 161
"../../../Engine/Content/EngineMaterials/Widget3DPassThrough_Opaque.uasset" 162
"../../../Engine/Content/EngineMaterials/Widget3DPassThrough_Opaque.uexp" 163
"../../../Engine/Content/EngineMaterials/Widget3DPassThrough_Opaque_OneSided.uasset" 164
"../../../Engine/Content/EngineMaterials/Widget3DPassThrough_Opaque_OneSided.uexp" 165
"../../../Engine/Content/EngineMaterials/Widget3DPassThrough_Masked_OneSided.uasset" 166
"../../../Engine/Content/EngineMaterials/Widget3DPassThrough_Masked_OneSided.uexp" 167
"../../../Engine/Content/EngineMaterials/Widget3DPassThrough_Masked.uasset" 168
"../../../Engine/Content/EngineMaterials/Widget3DPassThrough_Masked.uexp" 169
"../../../Engine/Content/EngineMaterials/WeightMapPlaceholderTexture.uasset" 170
"../../../Engine/Content/EngineMaterials/WeightMapPlaceholderTexture.uexp" 171
"../../../Engine/Content/EngineMaterials/RemoveSurfaceMaterial.uasset" 172
"../../../Engine/Content/EngineMaterials/RemoveSurfaceMaterial.uexp" 173
"../../../Engine/Content/EngineMaterials/PreintegratedSkinBRDF.uasset" 174
"../../../Engine/Content/EngineMaterials/PreintegratedSkinBRDF.uexp" 175
"../../../Engine/Content/EngineMaterials/DefaultCalibrationGrayscale.uasset" 176
"../../../Engine/Content/EngineMaterials/DefaultCalibrationGrayscale.uexp" 177
"../../../Engine/Content/EngineMaterials/PPM_DefaultCalibrationGrayscale.uasset" 178
"../../../Engine/Content/EngineMaterials/PPM_DefaultCalibrationGrayscale.uexp" 179
"../../../Engine/Content/EngineMaterials/DefaultCalibrationColor.uasset" 180
"../../../Engine/Content/EngineMaterials/DefaultCalibrationColor.uexp" 181
"../../../Engine/Content/EngineMaterials/PPM_DefaultCalibrationColor.uasset" 182
"../../../Engine/Content/EngineMaterials/PPM_DefaultCalibrationColor.uexp" 183
"../../../Engine/Content/Functions/Engine_MaterialFunctions02/WorldPositionOffset/CameraOffset.uasset" 184
"../../../Engine/Content/Functions/Engine_MaterialFunctions02/WorldPositionOffset/CameraOffset.uexp" 185
"../../../Engine/Content/EngineMaterials/PhAT_JointLimitMaterial.uasset" 186
"../../../Engine/Content/EngineMaterials/PhAT_JointLimitMaterial.uexp" 187
"../../../Engine/Content/EngineMaterials/InvalidLightmapSettings.ubulk" 188
"../../../Engine/Content/EngineMaterials/InvalidLightmapSettings.uasset" 189
"../../../Engine/Content/EngineMaterials/InvalidLightmapSettings.uexp" 190
"../../../Engine/Content/EngineMaterials/M_InvalidLightmapSettings.uasset" 191
"../../../Engine/Content/EngineMaterials/M_InvalidLightmapSettings.uexp" 192
"../../../Engine/Content/EngineMaterials/MiniFont.uasset" 193
"../../../Engine/Content/EngineMaterials/MiniFont.uexp" 194
"../../../Engine/Content/EngineMeshes/Sphere.ubulk" 195
"../../../Engine/Content/EngineMeshes/Sphere.uasset" 196
"../../../Engine/Content/EngineMeshes/Sphere.uexp" 197
"../../../Engine/Content/EngineMaterials/Good64x64TilingNoiseHighFreq.uasset" 198
"../../../Engine/Content/EngineMaterials/Good64x64TilingNoiseHighFreq.uexp" 199
"../../../Engine/Content/EngineMaterials/GizmoMaterial.uasset" 200
"../../../Engine/Content/EngineMaterials/GizmoMaterial.uexp" 201
"../../../Engine/Content/EngineMaterials/BaseFlattenEmissiveMap_VT.uasset" 202
"../../../Engine/Content/EngineMaterials/BaseFlattenEmissiveMap_VT.uexp" 203
"../../../Engine/Content/EngineMaterials/BaseFlattenGrayscaleMap_VT.uasset" 204
"../../../Engine/Content/EngineMaterials/BaseFlattenGrayscaleMap_VT.uexp" 205
"../../../Engine/Content/EngineMaterials/BaseFlattenLinearColor_VT.uasset" 206
"../../../Engine/Content/EngineMaterials/BaseFlattenLinearColor_VT.uexp" 207
"../../../Engine/Content/EngineMaterials/Black_1x1_EXR_Texture_VT.uasset" 208
"../../../Engine/Content/EngineMaterials/Black_1x1_EXR_Texture_VT.uexp" 209
"../../../Engine/Content/EngineMaterials/BaseFlattenDiffuseMap_VT.uasset" 210
"../../../Engine/Content/EngineMaterials/BaseFlattenDiffuseMap_VT.uexp" 211
"../../../Engine/Content/EngineMaterials/BaseFlattenNormalMap_VT.uasset" 212
"../../../Engine/Content/EngineMaterials/BaseFlattenNormalMap_VT.uexp" 213
"../../../Engine/Content/EngineMaterials/FlattenMaterial_WS_Normal_VT.uasset" 214
"../../../Engine/Content/EngineMaterials/FlattenMaterial_WS_Normal_VT.uexp" 215
"../../../Engine/Content/EngineMaterials/FlattenMaterial_VT.uasset" 216
"../../../Engine/Content/EngineMaterials/FlattenMaterial_VT.uexp" 217
"../../../Engine/Content/EngineMaterials/BaseFlattenNormalMap.uasset" 218
"../../../Engine/Content/EngineMaterials/BaseFlattenNormalMap.uexp" 219
"../../../Engine/Content/EngineMaterials/BaseFlattenGrayscaleMap.uasset" 220
"../../../Engine/Content/EngineMaterials/BaseFlattenGrayscaleMap.uexp" 221
"../../../Engine/Content/EngineMaterials/BaseFlattenDiffuseMap.uasset" 222
"../../../Engine/Content/EngineMaterials/BaseFlattenDiffuseMap.uexp" 223
"../../../Engine/Content/Functions/Engine_MaterialFunctions02/PivotPainter2/Black_1x1_EXR_Texture.uasset" 224
"../../../Engine/Content/Functions/Engine_MaterialFunctions02/PivotPainter2/Black_1x1_EXR_Texture.uexp" 225
"../../../Engine/Content/EngineMaterials/BaseFlattenEmissiveMap.uasset" 226
"../../../Engine/Content/EngineMaterials/BaseFlattenEmissiveMap.uexp" 227
"../../../Engine/Content/EngineMaterials/BaseFlattenLinearColor.uasset" 228
"../../../Engine/Content/EngineMaterials/BaseFlattenLinearColor.uexp" 229
"../../../Engine/Content/EngineMaterials/FlattenMaterial.uasset" 230
"../../../Engine/Content/EngineMaterials/FlattenMaterial.uexp" 231
"../../../Engine/Content/EngineMaterials/DefaultWhiteGrid_Low.uasset" 232
"../../../Engine/Content/EngineMaterials/DefaultWhiteGrid_Low.uexp" 233
"../../../Engine/Content/EngineMaterials/EmissiveMeshMaterial.uasset" 234
"../../../Engine/Content/EngineMaterials/EmissiveMeshMaterial.uexp" 235
"../../../Engine/Content/EngineMaterials/DefaultWhiteGrid.ubulk" 236
"../../../Engine/Content/EngineMaterials/DefaultWhiteGrid.uasset" 237
"../../../Engine/Content/EngineMaterials/DefaultWhiteGrid.uexp" 238
"../../../Engine/Content/EngineFonts/RobotoDistanceField.uasset" 239
"../../../Engine/Content/EngineFonts/RobotoDistanceField.uexp" 240
"../../../Engine/Content/EngineMaterials/DefaultTextMaterialOpaque.uasset" 241
"../../../Engine/Content/EngineMaterials/DefaultTextMaterialOpaque.uexp" 242
"../../../Engine/Content/EngineMaterials/DefaultDiffuse.ubulk" 243
"../../../Engine/Content/EngineMaterials/DefaultDiffuse.uasset" 244
"../../../Engine/Content/EngineMaterials/DefaultDiffuse.uexp" 245
"../../../Engine/Content/Functions/Engine_MaterialFunctions02/Utility/BreakOutFloat2Components.uasset" 246
"../../../Engine/Content/Functions/Engine_MaterialFunctions02/Utility/BreakOutFloat2Components.uexp" 247
"../../../Engine/Content/EngineMaterials/DefaultPostProcessMaterial.uasset" 248
"../../../Engine/Content/EngineMaterials/DefaultPostProcessMaterial.uexp" 249
"../../../Engine/Content/EngineMaterials/DefaultPhysicalMaterial.uasset" 250
"../../../Engine/Content/EngineMaterials/DefaultPhysicalMaterial.uexp" 251
"../../../Engine/Content/EngineMaterials/DefaultLightFunctionMaterial.uasset" 252
"../../../Engine/Content/EngineMaterials/DefaultLightFunctionMaterial.uexp" 253
"../../../Engine/Content/EngineMaterials/DefaultDestructiblePhysicalMaterial.uasset" 254
"../../../Engine/Content/EngineMaterials/DefaultDestructiblePhysicalMaterial.uexp" 255
"../../../Engine/Content/EngineMaterials/DefaultDeferredDecalMaterial.uasset" 256
"../../../Engine/Content/EngineMaterials/DefaultDeferredDecalMaterial.uexp" 257
"../../../Engine/Content/EngineMaterials/DefaultBokeh.uasset" 258
"../../../Engine/Content/EngineMaterials/DefaultBokeh.uexp" 259
"../../../Engine/Content/EngineMaterials/DefaultBloomKernel.uasset" 260
"../../../Engine/Content/EngineMaterials/DefaultBloomKernel.uexp" 261
"../../../Engine/Content/EngineMaterials/BlueNoise.uasset" 262
"../../../Engine/Content/EngineMaterials/BlueNoise.uexp" 263
"../../../Engine/Content/EngineResources/GradientTexture0.uasset" 264
"../../../Engine/Content/EngineResources/GradientTexture0.uexp" 265
"../../../Engine/Content/EngineResources/DefaultVolumeTexture2D.uasset" 266
"../../../Engine/Content/EngineResources/DefaultVolumeTexture2D.uexp" 267
"../../../Engine/Content/EngineResources/DefaultVolumeTexture.uasset" 268
"../../../Engine/Content/EngineResources/DefaultVolumeTexture.uexp" 269
"../../../Engine/Content/EngineResources/DefaultTextureCube.uasset" 270
"../../../Engine/Content/EngineResources/DefaultTextureCube.uexp" 271
"../../../Engine/Content/EngineResources/DefaultTexture.ubulk" 272
"../../../Engine/Content/EngineResources/DefaultTexture.uasset" 273
"../../../Engine/Content/EngineResources/DefaultTexture.uexp" 274
"../../../Engine/Content/EngineResources/Black.uasset" 275
"../../../Engine/Content/EngineResources/Black.uexp" 276
"../../../Engine/Content/EngineResources/FilmGrains/Marcie_Grain_v3_128_M2_000.uasset" 277
"../../../Engine/Content/EngineResources/FilmGrains/Marcie_Grain_v3_128_M2_000.uexp" 278
"../../../Engine/Content/EngineSky/VolumetricClouds/CloudWeatherTexture.uasset" 279
"../../../Engine/Content/EngineSky/VolumetricClouds/CloudWeatherTexture.uexp" 280
"../../../Engine/Content/Functions/Engine_MaterialFunctions02/Utility/MakeFloat2.uasset" 281
"../../../Engine/Content/Functions/Engine_MaterialFunctions02/Utility/MakeFloat2.uexp" 282
"../../../Engine/Content/EngineSky/VolumetricClouds/CloudGradientTexture.uasset" 283
"../../../Engine/Content/EngineSky/VolumetricClouds/CloudGradientTexture.uexp" 284
"../../../Engine/Content/EngineSky/VolumetricClouds/T_NoiseShape64.ubulk" 285
"../../../Engine/Content/EngineSky/VolumetricClouds/T_NoiseShape64.uasset" 286
"../../../Engine/Content/EngineSky/VolumetricClouds/T_NoiseShape64.uexp" 287
"../../../Engine/Content/EngineSky/VolumetricClouds/T_VolumeNoiseShape64.uasset" 288
"../../../Engine/Content/EngineSky/VolumetricClouds/T_VolumeNoiseShape64.uexp" 289
"../../../Engine/Content/EngineSky/VolumetricClouds/T_NoiseErosion.ubulk" 290
"../../../Engine/Content/EngineSky/VolumetricClouds/T_NoiseErosion.uasset" 291
"../../../Engine/Content/EngineSky/VolumetricClouds/T_NoiseErosion.uexp" 292
"../../../Engine/Content/EngineSky/VolumetricClouds/T_VolumeNoiseErosion32.uasset" 293
"../../../Engine/Content/EngineSky/VolumetricClouds/T_VolumeNoiseErosion32.uexp" 294
"../../../Engine/Content/EngineSky/VolumetricClouds/m_SimpleVolumetricCloud.uasset" 295
"../../../Engine/Content/EngineSky/VolumetricClouds/m_SimpleVolumetricCloud.uexp" 296
"../../../Engine/Content/EngineSky/VolumetricClouds/m_SimpleVolumetricCloud_Inst.uasset" 297
"../../../Engine/Content/EngineSky/VolumetricClouds/m_SimpleVolumetricCloud_Inst.uexp" 298
"../../../Engine/Content/EngineSounds/Master.uasset" 299
"../../../Engine/Content/EngineSounds/Master.uexp" 300
"../../../Engine/Content/Functions/Engine_MaterialFunctions01/Shading/PowerToRoughness.uasset" 301
"../../../Engine/Content/Functions/Engine_MaterialFunctions01/Shading/PowerToRoughness.uexp" 302
"../../../Engine/Content/Functions/Engine_MaterialFunctions01/Shading/ConvertFromDiffSpec.uasset" 303
"../../../Engine/Content/Functions/Engine_MaterialFunctions01/Shading/ConvertFromDiffSpec.uexp" 304
"../../../Engine/Content/MobileResources/HUD/VirtualJoystick_Background.uasset" 305
"../../../Engine/Content/MobileResources/HUD/VirtualJoystick_Background.uexp" 306
"../../../Engine/Content/MobileResources/HUD/VirtualJoystick_Thumb.uasset" 307
"../../../Engine/Content/MobileResources/HUD/VirtualJoystick_Thumb.uexp" 308
"../../../Engine/Content/MobileResources/HUD/DefaultVirtualJoysticks.uasset" 309
"../../../Engine/Content/MobileResources/HUD/DefaultVirtualJoysticks.uexp" 310
"../../../Engine/Content/Tutorial/ContentIntroCurve.uasset" 311
"../../../Engine/Content/Tutorial/ContentIntroCurve.uexp" 312
"../../../Engine/Content/Tutorial/BlueprintTutorials/TutorialAssets/Blueprint_64x.uasset" 313
"../../../Engine/Content/Tutorial/BlueprintTutorials/TutorialAssets/Blueprint_64x.uexp" 314
"../../../Engine/Content/VREditor/TransformGizmo/Main.uasset" 315
"../../../Engine/Content/VREditor/TransformGizmo/Main.uexp" 316
"../../../Engine/Content/VREditor/TransformGizmo/Xray.uasset" 317
"../../../Engine/Content/VREditor/TransformGizmo/Xray.uexp" 318
"../../../Engine/Content/VREditor/TransformGizmo/SM_Sequencer_Node.ubulk" 319
"../../../Engine/Content/VREditor/TransformGizmo/SM_Sequencer_Node.uasset" 320
"../../../Engine/Content/VREditor/TransformGizmo/SM_Sequencer_Node.uexp" 321
"../../../Engine/Content/VREditor/LaserPointer/VR_LaserPower_01.ubulk" 322
"../../../Engine/Content/VREditor/LaserPointer/VR_LaserPower_01.uasset" 323
"../../../Engine/Content/VREditor/LaserPointer/VR_LaserPower_01.uexp" 324
"../../../Engine/Content/VREditor/TransformGizmo/TransformGizmoMaterial.uasset" 325
"../../../Engine/Content/VREditor/TransformGizmo/TransformGizmoMaterial.uexp" 326
"../../../Engine/Content/VREditor/TransformGizmo/TranslucentTransformGizmoMaterial.uasset" 327
"../../../Engine/Content/VREditor/TransformGizmo/TranslucentTransformGizmoMaterial.uexp" 328
"../../../Engine/Content/VREditor/TransformGizmo/PlaneTranslationHandle.ubulk" 329
"../../../Engine/Content/VREditor/TransformGizmo/PlaneTranslationHandle.uasset" 330
"../../../Engine/Content/VREditor/TransformGizmo/PlaneTranslationHandle.uexp" 331
"../../../Engine/Content/VREditor/TransformGizmo/BoundingBoxEdge.ubulk" 332
"../../../Engine/Content/VREditor/TransformGizmo/BoundingBoxEdge.uasset" 333
"../../../Engine/Content/VREditor/TransformGizmo/BoundingBoxEdge.uexp" 334
"../../../Engine/Content/VREditor/TransformGizmo/BoundingBoxCorner.ubulk" 335
"../../../Engine/Content/VREditor/TransformGizmo/BoundingBoxCorner.uasset" 336
"../../../Engine/Content/VREditor/TransformGizmo/BoundingBoxCorner.uexp" 337
"../../../Engine/Plugins/2D/Paper2D/Content/PlaceholderTextures/DummySpriteTexture.ubulk" 338
"../../../Engine/Plugins/2D/Paper2D/Content/PlaceholderTextures/DummySpriteTexture.uasset" 339
"../../../Engine/Plugins/2D/Paper2D/Content/PlaceholderTextures/DummySpriteTexture.uexp" 340
"../../../Engine/Plugins/2D/Paper2D/Content/DefaultSpriteMaterial.uasset" 341
"../../../Engine/Plugins/2D/Paper2D/Content/DefaultSpriteMaterial.uexp" 342
"../../../Engine/Plugins/2D/Paper2D/Content/OpaqueUnlitSpriteMaterial.uasset" 343
"../../../Engine/Plugins/2D/Paper2D/Content/OpaqueUnlitSpriteMaterial.uexp" 344
"../../../Engine/Plugins/2D/Paper2D/Content/MaskedUnlitSpriteMaterial.uasset" 345
"../../../Engine/Plugins/2D/Paper2D/Content/MaskedUnlitSpriteMaterial.uexp" 346
"../../../Engine/Plugins/2D/Paper2D/Content/DummySprite.uasset" 347
"../../../Engine/Plugins/2D/Paper2D/Content/DummySprite.uexp" 348
"../../../Engine/Plugins/2D/Paper2D/Content/DefaultPaperTerrainMaterial.uasset" 349
"../../../Engine/Plugins/2D/Paper2D/Content/DefaultPaperTerrainMaterial.uexp" 350
"../../../Engine/Plugins/Animation/ControlRig/Content/M_Manip.uasset" 351
"../../../Engine/Plugins/Animation/ControlRig/Content/M_Manip.uexp" 352
"../../../Engine/Plugins/Animation/ControlRig/Content/Controls/DefaultGizmoLibraryNormalized.uasset" 353
"../../../Engine/Plugins/Animation/ControlRig/Content/Controls/DefaultGizmoLibraryNormalized.uexp" 354
"../../../Engine/Plugins/Animation/ControlRig/Content/Controls/ControlRig_Wedge_solid.ubulk" 355
"../../../Engine/Plugins/Animation/ControlRig/Content/Controls/ControlRig_Wedge_solid.uasset" 356
"../../../Engine/Plugins/Animation/ControlRig/Content/Controls/ControlRig_Wedge_solid.uexp" 357
"../../../Engine/Plugins/Animation/ControlRig/Content/Controls/ControlRig_Wedge_3mm.ubulk" 358
"../../../Engine/Plugins/Animation/ControlRig/Content/Controls/ControlRig_Wedge_3mm.uasset" 359
"../../../Engine/Plugins/Animation/ControlRig/Content/Controls/ControlRig_Wedge_3mm.uexp" 360
"../../../Engine/Plugins/Animation/ControlRig/Content/Controls/ControlRig_Wedge_1mm.ubulk" 361
"../../../Engine/Plugins/Animation/ControlRig/Content/Controls/ControlRig_Wedge_1mm.uasset" 362
"../../../Engine/Plugins/Animation/ControlRig/Content/Controls/ControlRig_Wedge_1mm.uexp" 363
"../../../Engine/Plugins/Animation/ControlRig/Content/Controls/ControlRig_Triangle_solid.ubulk" 364
"../../../Engine/Plugins/Animation/ControlRig/Content/Controls/ControlRig_Triangle_solid.uasset" 365
"../../../Engine/Plugins/Animation/ControlRig/Content/Controls/ControlRig_Triangle_solid.uexp" 366
"../../../Engine/Plugins/Animation/ControlRig/Content/Controls/ControlRig_Triangle_3mm.ubulk" 367
"../../../Engine/Plugins/Animation/ControlRig/Content/Controls/ControlRig_Triangle_3mm.uasset" 368
"../../../Engine/Plugins/Animation/ControlRig/Content/Controls/ControlRig_Triangle_3mm.uexp" 369
"../../../Engine/Plugins/Animation/ControlRig/Content/Controls/ControlRig_Triangle_1mm.ubulk" 370
"../../../Engine/Plugins/Animation/ControlRig/Content/Controls/ControlRig_Triangle_1mm.uasset" 371
"../../../Engine/Plugins/Animation/ControlRig/Content/Controls/ControlRig_Triangle_1mm.uexp" 372
"../../../Engine/Plugins/Animation/ControlRig/Content/Controls/ControlRig_Star4_solid.ubulk" 373
"../../../Engine/Plugins/Animation/ControlRig/Content/Controls/ControlRig_Star4_solid.uasset" 374
"../../../Engine/Plugins/Animation/ControlRig/Content/Controls/ControlRig_Star4_solid.uexp" 375
"../../../Engine/Plugins/Animation/ControlRig/Content/Controls/ControlRig_Star4_3mm.ubulk" 376
"../../../Engine/Plugins/Animation/ControlRig/Content/Controls/ControlRig_Star4_3mm.uasset" 377
"../../../Engine/Plugins/Animation/ControlRig/Content/Controls/ControlRig_Star4_3mm.uexp" 378
"../../../Engine/Plugins/Animation/ControlRig/Content/Controls/ControlRig_Star4_1mm.ubulk" 379
"../../../Engine/Plugins/Animation/ControlRig/Content/Controls/ControlRig_Star4_1mm.uasset" 380
"../../../Engine/Plugins/Animation/ControlRig/Content/Controls/ControlRig_Star4_1mm.uexp" 381
"../../../Engine/Plugins/Animation/ControlRig/Content/Controls/ControlRig_Square_solid.ubulk" 382
"../../../Engine/Plugins/Animation/ControlRig/Content/Controls/ControlRig_Square_solid.uasset" 383
"../../../Engine/Plugins/Animation/ControlRig/Content/Controls/ControlRig_Square_solid.uexp" 384
"../../../Engine/Plugins/Animation/ControlRig/Content/Controls/ControlRig_Square_3mm.ubulk" 385
"../../../Engine/Plugins/Animation/ControlRig/Content/Controls/ControlRig_Square_3mm.uasset" 386
"../../../Engine/Plugins/Animation/ControlRig/Content/Controls/ControlRig_Square_3mm.uexp" 387
"../../../Engine/Plugins/Animation/ControlRig/Content/Controls/ControlRig_Square_1mm.ubulk" 388
"../../../Engine/Plugins/Animation/ControlRig/Content/Controls/ControlRig_Square_1mm.uasset" 389
"../../../Engine/Plugins/Animation/ControlRig/Content/Controls/ControlRig_Square_1mm.uexp" 390
"../../../Engine/Plugins/Animation/ControlRig/Content/Controls/ControlRig_Sphere_solid.ubulk" 391
"../../../Engine/Plugins/Animation/ControlRig/Content/Controls/ControlRig_Sphere_solid.uasset" 392
"../../../Engine/Plugins/Animation/ControlRig/Content/Controls/ControlRig_Sphere_solid.uexp" 393
"../../../Engine/Plugins/Animation/ControlRig/Content/Controls/ControlRig_Sphere_3mm.ubulk" 394
"../../../Engine/Plugins/Animation/ControlRig/Content/Controls/ControlRig_Sphere_3mm.uasset" 395
"../../../Engine/Plugins/Animation/ControlRig/Content/Controls/ControlRig_Sphere_3mm.uexp" 396
"../../../Engine/Plugins/Animation/ControlRig/Content/Controls/ControlRig_Sphere_1mm.ubulk" 397
"../../../Engine/Plugins/Animation/ControlRig/Content/Controls/ControlRig_Sphere_1mm.uasset" 398
"../../../Engine/Plugins/Animation/ControlRig/Content/Controls/ControlRig_Sphere_1mm.uexp" 399
"../../../Engine/Plugins/Animation/ControlRig/Content/Controls/ControlRig_RoundedTriangle_solid.ubulk" 400
"../../../Engine/Plugins/Animation/ControlRig/Content/Controls/ControlRig_RoundedTriangle_solid.uasset" 401
"../../../Engine/Plugins/Animation/ControlRig/Content/Controls/ControlRig_RoundedTriangle_solid.uexp" 402
"../../../Engine/Plugins/Animation/ControlRig/Content/Controls/ControlRig_RoundedTriangle_3mm.ubulk" 403
"../../../Engine/Plugins/Animation/ControlRig/Content/Controls/ControlRig_RoundedTriangle_3mm.uasset" 404
"../../../Engine/Plugins/Animation/ControlRig/Content/Controls/ControlRig_RoundedTriangle_3mm.uexp" 405
"../../../Engine/Plugins/Animation/ControlRig/Content/Controls/ControlRig_RoundedTriangle_1mm.ubulk" 406
"../../../Engine/Plugins/Animation/ControlRig/Content/Controls/ControlRig_RoundedTriangle_1mm.uasset" 407
"../../../Engine/Plugins/Animation/ControlRig/Content/Controls/ControlRig_RoundedTriangle_1mm.uexp" 408
"../../../Engine/Plugins/Animation/ControlRig/Content/Controls/ControlRig_RoundedSquare_solid.ubulk" 409
"../../../Engine/Plugins/Animation/ControlRig/Content/Controls/ControlRig_RoundedSquare_solid.uasset" 410
"../../../Engine/Plugins/Animation/ControlRig/Content/Controls/ControlRig_RoundedSquare_solid.uexp" 411
"../../../Engine/Plugins/Animation/ControlRig/Content/Controls/ControlRig_RoundedSquare_3mm.ubulk" 412
"../../../Engine/Plugins/Animation/ControlRig/Content/Controls/ControlRig_RoundedSquare_3mm.uasset" 413
"../../../Engine/Plugins/Animation/ControlRig/Content/Controls/ControlRig_RoundedSquare_3mm.uexp" 414
"../../../Engine/Plugins/Animation/ControlRig/Content/Controls/ControlRig_RoundedSquare_1mm.ubulk" 415
"../../../Engine/Plugins/Animation/ControlRig/Content/Controls/ControlRig_RoundedSquare_1mm.uasset" 416
"../../../Engine/Plugins/Animation/ControlRig/Content/Controls/ControlRig_RoundedSquare_1mm.uexp" 417
"../../../Engine/Plugins/Animation/ControlRig/Content/Controls/ControlRig_QuarterCircle_solid.ubulk" 418
"../../../Engine/Plugins/Animation/ControlRig/Content/Controls/ControlRig_QuarterCircle_solid.uasset" 419
"../../../Engine/Plugins/Animation/ControlRig/Content/Controls/ControlRig_QuarterCircle_solid.uexp" 420
"../../../Engine/Plugins/Animation/ControlRig/Content/Controls/ControlRig_QuarterCircle_3mm.ubulk" 421
"../../../Engine/Plugins/Animation/ControlRig/Content/Controls/ControlRig_QuarterCircle_3mm.uasset" 422
"../../../Engine/Plugins/Animation/ControlRig/Content/Controls/ControlRig_QuarterCircle_3mm.uexp" 423
"../../../Engine/Plugins/Animation/ControlRig/Content/Controls/ControlRig_QuarterCircle_1mm.ubulk" 424
"../../../Engine/Plugins/Animation/ControlRig/Content/Controls/ControlRig_QuarterCircle_1mm.uasset" 425
"../../../Engine/Plugins/Animation/ControlRig/Content/Controls/ControlRig_QuarterCircle_1mm.uexp" 426
"../../../Engine/Plugins/Animation/ControlRig/Content/Controls/ControlRig_Pyramid_solid.ubulk" 427
"../../../Engine/Plugins/Animation/ControlRig/Content/Controls/ControlRig_Pyramid_solid.uasset" 428
"../../../Engine/Plugins/Animation/ControlRig/Content/Controls/ControlRig_Pyramid_solid.uexp" 429
"../../../Engine/Plugins/Animation/ControlRig/Content/Controls/ControlRig_Pyramid_3mm.ubulk" 430
"../../../Engine/Plugins/Animation/ControlRig/Content/Controls/ControlRig_Pyramid_3mm.uasset" 431
"../../../Engine/Plugins/Animation/ControlRig/Content/Controls/ControlRig_Pyramid_3mm.uexp" 432
"../../../Engine/Plugins/Animation/ControlRig/Content/Controls/ControlRig_Pyramid_1mm.ubulk" 433
"../../../Engine/Plugins/Animation/ControlRig/Content/Controls/ControlRig_Pyramid_1mm.uasset" 434
"../../../Engine/Plugins/Animation/ControlRig/Content/Controls/ControlRig_Pyramid_1mm.uexp" 435
"../../../Engine/Plugins/Animation/ControlRig/Content/Controls/ControlRig_Octagon_solid.ubulk" 436
"../../../Engine/Plugins/Animation/ControlRig/Content/Controls/ControlRig_Octagon_solid.uasset" 437
"../../../Engine/Plugins/Animation/ControlRig/Content/Controls/ControlRig_Octagon_solid.uexp" 438
"../../../Engine/Plugins/Animation/ControlRig/Content/Controls/ControlRig_Octagon_3mm.ubulk" 439
"../../../Engine/Plugins/Animation/ControlRig/Content/Controls/ControlRig_Octagon_3mm.uasset" 440
"../../../Engine/Plugins/Animation/ControlRig/Content/Controls/ControlRig_Octagon_3mm.uexp" 441
"../../../Engine/Plugins/Animation/ControlRig/Content/Controls/ControlRig_Octagon_1mm.ubulk" 442
"../../../Engine/Plugins/Animation/ControlRig/Content/Controls/ControlRig_Octagon_1mm.uasset" 443
"../../../Engine/Plugins/Animation/ControlRig/Content/Controls/ControlRig_Octagon_1mm.uexp" 444
"../../../Engine/Plugins/Animation/ControlRig/Content/Controls/ControlRig_Hexagon_solid.ubulk" 445
"../../../Engine/Plugins/Animation/ControlRig/Content/Controls/ControlRig_Hexagon_solid.uasset" 446
"../../../Engine/Plugins/Animation/ControlRig/Content/Controls/ControlRig_Hexagon_solid.uexp" 447
"../../../Engine/Plugins/Animation/ControlRig/Content/Controls/ControlRig_Hexagon_3mm.ubulk" 448
"../../../Engine/Plugins/Animation/ControlRig/Content/Controls/ControlRig_Hexagon_3mm.uasset" 449
"../../../Engine/Plugins/Animation/ControlRig/Content/Controls/ControlRig_Hexagon_3mm.uexp" 450
"../../../Engine/Plugins/Animation/ControlRig/Content/Controls/ControlRig_Hexagon_1mm.ubulk" 451
"../../../Engine/Plugins/Animation/ControlRig/Content/Controls/ControlRig_Hexagon_1mm.uasset" 452
"../../../Engine/Plugins/Animation/ControlRig/Content/Controls/ControlRig_Hexagon_1mm.uexp" 453
"../../../Engine/Plugins/Animation/ControlRig/Content/Controls/ControlRig_HalfCircle_solid.ubulk" 454
"../../../Engine/Plugins/Animation/ControlRig/Content/Controls/ControlRig_HalfCircle_solid.uasset" 455
"../../../Engine/Plugins/Animation/ControlRig/Content/Controls/ControlRig_HalfCircle_solid.uexp" 456
"../../../Engine/Plugins/Animation/ControlRig/Content/Controls/ControlRig_HalfCircle_3mm.ubulk" 457
"../../../Engine/Plugins/Animation/ControlRig/Content/Controls/ControlRig_HalfCircle_3mm.uasset" 458
"../../../Engine/Plugins/Animation/ControlRig/Content/Controls/ControlRig_HalfCircle_3mm.uexp" 459
"../../../Engine/Plugins/Animation/ControlRig/Content/Controls/ControlRig_HalfCircle_1mm.ubulk" 460
"../../../Engine/Plugins/Animation/ControlRig/Content/Controls/ControlRig_HalfCircle_1mm.uasset" 461
"../../../Engine/Plugins/Animation/ControlRig/Content/Controls/ControlRig_HalfCircle_1mm.uexp" 462
"../../../Engine/Plugins/Animation/ControlRig/Content/Controls/ControlRig_Diamond_solid.ubulk" 463
"../../../Engine/Plugins/Animation/ControlRig/Content/Controls/ControlRig_Diamond_solid.uasset" 464
"../../../Engine/Plugins/Animation/ControlRig/Content/Controls/ControlRig_Diamond_solid.uexp" 465
"../../../Engine/Plugins/Animation/ControlRig/Content/Controls/ControlRig_Diamond_3mm.ubulk" 466
"../../../Engine/Plugins/Animation/ControlRig/Content/Controls/ControlRig_Diamond_3mm.uasset" 467
"../../../Engine/Plugins/Animation/ControlRig/Content/Controls/ControlRig_Diamond_3mm.uexp" 468
"../../../Engine/Plugins/Animation/ControlRig/Content/Controls/ControlRig_Diamond_1mm.ubulk" 469
"../../../Engine/Plugins/Animation/ControlRig/Content/Controls/ControlRig_Diamond_1mm.uasset" 470
"../../../Engine/Plugins/Animation/ControlRig/Content/Controls/ControlRig_Diamond_1mm.uexp" 471
"../../../Engine/Plugins/Animation/ControlRig/Content/Controls/ControlRig_Circle_solid.ubulk" 472
"../../../Engine/Plugins/Animation/ControlRig/Content/Controls/ControlRig_Circle_solid.uasset" 473
"../../../Engine/Plugins/Animation/ControlRig/Content/Controls/ControlRig_Circle_solid.uexp" 474
"../../../Engine/Plugins/Animation/ControlRig/Content/Controls/ControlRig_Circle_3mm.ubulk" 475
"../../../Engine/Plugins/Animation/ControlRig/Content/Controls/ControlRig_Circle_3mm.uasset" 476
"../../../Engine/Plugins/Animation/ControlRig/Content/Controls/ControlRig_Circle_3mm.uexp" 477
"../../../Engine/Plugins/Animation/ControlRig/Content/Controls/ControlRig_Circle_1mm.ubulk" 478
"../../../Engine/Plugins/Animation/ControlRig/Content/Controls/ControlRig_Circle_1mm.uasset" 479
"../../../Engine/Plugins/Animation/ControlRig/Content/Controls/ControlRig_Circle_1mm.uexp" 480
"../../../Engine/Plugins/Animation/ControlRig/Content/Controls/ControlRig_Box_solid.ubulk" 481
"../../../Engine/Plugins/Animation/ControlRig/Content/Controls/ControlRig_Box_solid.uasset" 482
"../../../Engine/Plugins/Animation/ControlRig/Content/Controls/ControlRig_Box_solid.uexp" 483
"../../../Engine/Plugins/Animation/ControlRig/Content/Controls/ControlRig_Box_3mm.ubulk" 484
"../../../Engine/Plugins/Animation/ControlRig/Content/Controls/ControlRig_Box_3mm.uasset" 485
"../../../Engine/Plugins/Animation/ControlRig/Content/Controls/ControlRig_Box_3mm.uexp" 486
"../../../Engine/Plugins/Animation/ControlRig/Content/Controls/ControlRig_Box_1mm.ubulk" 487
"../../../Engine/Plugins/Animation/ControlRig/Content/Controls/ControlRig_Box_1mm.uasset" 488
"../../../Engine/Plugins/Animation/ControlRig/Content/Controls/ControlRig_Box_1mm.uexp" 489
"../../../Engine/Plugins/Animation/ControlRig/Content/Controls/ControlRig_Arrow_solid.ubulk" 490
"../../../Engine/Plugins/Animation/ControlRig/Content/Controls/ControlRig_Arrow_solid.uasset" 491
"../../../Engine/Plugins/Animation/ControlRig/Content/Controls/ControlRig_Arrow_solid.uexp" 492
"../../../Engine/Plugins/Animation/ControlRig/Content/Controls/ControlRig_Arrow_3mm.ubulk" 493
"../../../Engine/Plugins/Animation/ControlRig/Content/Controls/ControlRig_Arrow_3mm.uasset" 494
"../../../Engine/Plugins/Animation/ControlRig/Content/Controls/ControlRig_Arrow_3mm.uexp" 495
"../../../Engine/Plugins/Animation/ControlRig/Content/Controls/ControlRig_Arrow_1mm.ubulk" 496
"../../../Engine/Plugins/Animation/ControlRig/Content/Controls/ControlRig_Arrow_1mm.uasset" 497
"../../../Engine/Plugins/Animation/ControlRig/Content/Controls/ControlRig_Arrow_1mm.uexp" 498
"../../../Engine/Plugins/Animation/ControlRig/Content/Controls/ControlRig_Arrow4_solid.ubulk" 499
"../../../Engine/Plugins/Animation/ControlRig/Content/Controls/ControlRig_Arrow4_solid.uasset" 500
"../../../Engine/Plugins/Animation/ControlRig/Content/Controls/ControlRig_Arrow4_solid.uexp" 501
"../../../Engine/Plugins/Animation/ControlRig/Content/Controls/ControlRig_Arrow4_3mm.ubulk" 502
"../../../Engine/Plugins/Animation/ControlRig/Content/Controls/ControlRig_Arrow4_3mm.uasset" 503
"../../../Engine/Plugins/Animation/ControlRig/Content/Controls/ControlRig_Arrow4_3mm.uexp" 504
"../../../Engine/Plugins/Animation/ControlRig/Content/Controls/ControlRig_Arrow4_1mm.ubulk" 505
"../../../Engine/Plugins/Animation/ControlRig/Content/Controls/ControlRig_Arrow4_1mm.uasset" 506
"../../../Engine/Plugins/Animation/ControlRig/Content/Controls/ControlRig_Arrow4_1mm.uexp" 507
"../../../Engine/Plugins/Animation/ControlRig/Content/Controls/ControlRig_Arrow2_solid.ubulk" 508
"../../../Engine/Plugins/Animation/ControlRig/Content/Controls/ControlRig_Arrow2_solid.uasset" 509
"../../../Engine/Plugins/Animation/ControlRig/Content/Controls/ControlRig_Arrow2_solid.uexp" 510
"../../../Engine/Plugins/Animation/ControlRig/Content/Controls/ControlRig_Arrow2_3mm.ubulk" 511
"../../../Engine/Plugins/Animation/ControlRig/Content/Controls/ControlRig_Arrow2_3mm.uasset" 512
"../../../Engine/Plugins/Animation/ControlRig/Content/Controls/ControlRig_Arrow2_3mm.uexp" 513
"../../../Engine/Plugins/Animation/ControlRig/Content/Controls/ControlRig_Arrow2_1mm.ubulk" 514
"../../../Engine/Plugins/Animation/ControlRig/Content/Controls/ControlRig_Arrow2_1mm.uasset" 515
"../../../Engine/Plugins/Animation/ControlRig/Content/Controls/ControlRig_Arrow2_1mm.uexp" 516
"../../../Engine/Plugins/Animation/ControlRig/Content/Controls/ControlRigGizmoMaterial.uasset" 517
"../../../Engine/Plugins/Animation/ControlRig/Content/Controls/ControlRigGizmoMaterial.uexp" 518
"../../../Engine/Plugins/Editor/SpeedTreeImporter/Content/SpeedTree9/game_wind_noise.ubulk" 519
"../../../Engine/Plugins/Editor/SpeedTreeImporter/Content/SpeedTree9/game_wind_noise.uasset" 520
"../../../Engine/Plugins/Editor/SpeedTreeImporter/Content/SpeedTree9/game_wind_noise.uexp" 521
"../../../Engine/Plugins/Editor/SpeedTreeImporter/Content/SpeedTree9/UnpackDirection.uasset" 522
"../../../Engine/Plugins/Editor/SpeedTreeImporter/Content/SpeedTree9/UnpackDirection.uexp" 523
"../../../Engine/Content/Functions/Engine_MaterialFunctions02/ObjectLocalBounds.uasset" 524
"../../../Engine/Content/Functions/Engine_MaterialFunctions02/ObjectLocalBounds.uexp" 525
"../../../Engine/Content/Functions/Engine_MaterialFunctions02/UVs/BoundingBoxBased_0-1_UVW.uasset" 526
"../../../Engine/Content/Functions/Engine_MaterialFunctions02/UVs/BoundingBoxBased_0-1_UVW.uexp" 527
"../../../Engine/Content/Functions/Engine_MaterialFunctions02/Utility/VectorLength.uasset" 528
"../../../Engine/Content/Functions/Engine_MaterialFunctions02/Utility/VectorLength.uexp" 529
"../../../Engine/Plugins/Editor/SpeedTreeImporter/Content/SpeedTree9/UnpackInteger3.uasset" 530
"../../../Engine/Plugins/Editor/SpeedTreeImporter/Content/SpeedTree9/UnpackInteger3.uexp" 531
"../../../Engine/Plugins/Editor/SpeedTreeImporter/Content/SpeedTree9/SpeedTreeCameraFacing.uasset" 532
"../../../Engine/Plugins/Editor/SpeedTreeImporter/Content/SpeedTree9/SpeedTreeCameraFacing.uexp" 533
"../../../Engine/Content/Functions/Engine_MaterialFunctions02/WorldPositionOffset/ObjectScale.uasset" 534
"../../../Engine/Content/Functions/Engine_MaterialFunctions02/WorldPositionOffset/ObjectScale.uexp" 535
"../../../Engine/Content/Functions/Engine_MaterialFunctions02/SafeNormalize.uasset" 536
"../../../Engine/Content/Functions/Engine_MaterialFunctions02/SafeNormalize.uexp" 537
"../../../Engine/Plugins/Editor/SpeedTreeImporter/Content/SpeedTree9/SpeedTreeWindMotion.uasset" 538
"../../../Engine/Plugins/Editor/SpeedTreeImporter/Content/SpeedTree9/SpeedTreeWindMotion.uexp" 539
"../../../Engine/Plugins/Editor/SpeedTreeImporter/Content/SpeedTree9/SpeedTreeBranchMotion.uasset" 540
"../../../Engine/Plugins/Editor/SpeedTreeImporter/Content/SpeedTree9/SpeedTreeBranchMotion.uexp" 541
"../../../Engine/Plugins/Editor/SpeedTreeImporter/Content/SpeedTree9/SpeedTreeWind.uasset" 542
"../../../Engine/Plugins/Editor/SpeedTreeImporter/Content/SpeedTree9/SpeedTreeWind.uexp" 543
"../../../Engine/Plugins/Editor/SpeedTreeImporter/Content/SpeedTree9/EmptyNormal.uasset" 544
"../../../Engine/Plugins/Editor/SpeedTreeImporter/Content/SpeedTree9/EmptyNormal.uexp" 545
"../../../Engine/Plugins/Editor/SpeedTreeImporter/Content/SpeedTree9/Empty.uasset" 546
"../../../Engine/Plugins/Editor/SpeedTreeImporter/Content/SpeedTree9/Empty.uexp" 547
"../../../Engine/Plugins/Editor/SpeedTreeImporter/Content/SpeedTree9/SpeedTreeMaster.uasset" 548
"../../../Engine/Plugins/Editor/SpeedTreeImporter/Content/SpeedTree9/SpeedTreeMaster.uexp" 549
"../../../Engine/Plugins/Editor/SpeedTreeImporter/Content/SpeedTree9/SpeedTreeBillboard.uasset" 550
"../../../Engine/Plugins/Editor/SpeedTreeImporter/Content/SpeedTree9/SpeedTreeBillboard.uexp" 551
"../../../Engine/Plugins/Editor/SpeedTreeImporter/Content/SpeedTree9/SpeedTreeBillboardMaster.uasset" 552
"../../../Engine/Plugins/Editor/SpeedTreeImporter/Content/SpeedTree9/SpeedTreeBillboardMaster.uexp" 553
"../../../Engine/Plugins/Runtime/HairStrands/Content/Materials/HairMeshesDefaultMaterial.uasset" 554
"../../../Engine/Plugins/Runtime/HairStrands/Content/Materials/HairMeshesDefaultMaterial.uexp" 555
"../../../Engine/Plugins/Runtime/HairStrands/Content/Materials/HairDefaultMaterial.uasset" 556
"../../../Engine/Plugins/Runtime/HairStrands/Content/Materials/HairDefaultMaterial.uexp" 557
"../../../Engine/Plugins/Runtime/HairStrands/Content/Materials/HairGroupColors.uasset" 558
"../../../Engine/Plugins/Runtime/HairStrands/Content/Materials/HairGroupColors.uexp" 559
"../../../Engine/Content/EngineMaterials/HairColorMap.uasset" 560
"../../../Engine/Content/EngineMaterials/HairColorMap.uexp" 561
"../../../Engine/Content/EngineMaterials/HairDebugColor.uasset" 562
"../../../Engine/Content/EngineMaterials/HairDebugColor.uexp" 563
"../../../Engine/Plugins/Runtime/HairStrands/Content/Materials/HairDebugMaterial.uasset" 564
"../../../Engine/Plugins/Runtime/HairStrands/Content/Materials/HairDebugMaterial.uexp" 565
"../../../Engine/Plugins/Runtime/HairStrands/Content/Materials/HairCardsDefaultMaterial.uasset" 566
"../../../Engine/Plugins/Runtime/HairStrands/Content/Materials/HairCardsDefaultMaterial.uexp" 567
"G:/UE/UE5_Proj/ProjL/Plugins/GameFeatures/GF_Test/Content/GF_Test.uasset" 568
"G:/UE/UE5_Proj/ProjL/Plugins/GameFeatures/GF_Test/Content/GF_Test.uexp" 569
"G:/UE/UE5_Proj/ProjL/Plugins/GameFeatures/GF_Test/Content/BPC_GFTest.uasset" 570
"G:/UE/UE5_Proj/ProjL/Plugins/GameFeatures/GF_Test/Content/BPC_GFTest.uexp" 571
"../../../Engine/Content/EditorBlueprintResources/StandardMacros.uasset" 572
"../../../Engine/Content/EditorBlueprintResources/StandardMacros.uexp" 573
"G:/UE/UE5_Proj/ProjL/Content/ProjL/Blueprints/Enemy/BPA_PatrolVol.uasset" 574
"G:/UE/UE5_Proj/ProjL/Content/ProjL/Blueprints/Enemy/BPA_PatrolVol.uexp" 575
"../../../Engine/Content/EngineMaterials/BlendFunc_DefBlend.uasset" 576
"../../../Engine/Content/EngineMaterials/BlendFunc_DefBlend.uexp" 577
"../../../Engine/Content/EngineMaterials/BlendFunc_DefBase.uasset" 578
"../../../Engine/Content/EngineMaterials/BlendFunc_DefBase.uexp" 579
"../../../Engine/Content/Functions/Engine_MaterialFunctions03/Blends/Blend_Overlay.uasset" 580
"../../../Engine/Content/Functions/Engine_MaterialFunctions03/Blends/Blend_Overlay.uexp" 581
"../../../Engine/Content/OpenWorldTemplate/LandscapeMaterial/T_GridChecker_A.ubulk" 582
"../../../Engine/Content/OpenWorldTemplate/LandscapeMaterial/T_GridChecker_A.uasset" 583
"../../../Engine/Content/OpenWorldTemplate/LandscapeMaterial/T_GridChecker_A.uexp" 584
"../../../Engine/Content/Functions/Engine_MaterialFunctions01/Gradient/LinearGradient.uasset" 585
"../../../Engine/Content/Functions/Engine_MaterialFunctions01/Gradient/LinearGradient.uexp" 586
"../../../Engine/Content/Functions/Engine_MaterialFunctions01/ImageAdjustment/CheapContrast.uasset" 587
"../../../Engine/Content/Functions/Engine_MaterialFunctions01/ImageAdjustment/CheapContrast.uexp" 588
"../../../Engine/Content/OpenWorldTemplate/LandscapeMaterial/MF_ProcGrid.uasset" 589
"../../../Engine/Content/OpenWorldTemplate/LandscapeMaterial/MF_ProcGrid.uexp" 590
"../../../Engine/Content/OpenWorldTemplate/LandscapeMaterial/M_ProcGrid.uasset" 591
"../../../Engine/Content/OpenWorldTemplate/LandscapeMaterial/M_ProcGrid.uexp" 592
"../../../Engine/Content/OpenWorldTemplate/LandscapeMaterial/MI_ProcGrid.uasset" 593
"../../../Engine/Content/OpenWorldTemplate/LandscapeMaterial/MI_ProcGrid.uexp" 594
"G:/UE/UE5_Proj/ProjL/Content/ProjL/Blueprints/BPL/BPL_ASC_Components.uasset" 595
"G:/UE/UE5_Proj/ProjL/Content/ProjL/Blueprints/BPL/BPL_ASC_Components.uexp" 596
"G:/UE/UE5_Proj/ProjL/Content/ProjL/Blueprints/BaseBP/BP_DamageType.uasset" 597
"G:/UE/UE5_Proj/ProjL/Content/ProjL/Blueprints/BaseBP/BP_DamageType.uexp" 598
"G:/UE/UE5_Proj/ProjL/Content/Characters/BaseChara/Model/BaseChara_Skeleton.uasset" 599
"G:/UE/UE5_Proj/ProjL/Content/Characters/BaseChara/Model/BaseChara_Skeleton.uexp" 600
"../../../Engine/Content/Animation/DefaultAnimCurveCompressionSettings.uasset" 601
"../../../Engine/Content/Animation/DefaultAnimCurveCompressionSettings.uexp" 602
"../../../Engine/Content/Animation/DefaultAnimBoneCompressionSettings.uasset" 603
"../../../Engine/Content/Animation/DefaultAnimBoneCompressionSettings.uexp" 604
"G:/UE/UE5_Proj/ProjL/Content/Characters/BaseChara/Animations/Walking4UE4_Retargeted.uasset" 605
"G:/UE/UE5_Proj/ProjL/Content/Characters/BaseChara/Animations/Walking4UE4_Retargeted.uexp" 606
"G:/UE/UE5_Proj/ProjL/Content/Characters/BaseChara/Animations/Running4UE4_Retargeted.uasset" 607
"G:/UE/UE5_Proj/ProjL/Content/Characters/BaseChara/Animations/Running4UE4_Retargeted.uexp" 608
"G:/UE/UE5_Proj/ProjL/Content/Characters/BaseChara/BS_WalkRun.uasset" 609
"G:/UE/UE5_Proj/ProjL/Content/Characters/BaseChara/BS_WalkRun.uexp" 610
"G:/UE/UE5_Proj/ProjL/Content/Characters/BaseChara/Animations/Idle4UE4_Retargeted.uasset" 611
"G:/UE/UE5_Proj/ProjL/Content/Characters/BaseChara/Animations/Idle4UE4_Retargeted.uexp" 612
"G:/UE/UE5_Proj/ProjL/Content/Characters/BaseChara/ABP_BaseChara.uasset" 613
"G:/UE/UE5_Proj/ProjL/Content/Characters/BaseChara/ABP_BaseChara.uexp" 614
"G:/UE/UE5_Proj/ProjL/Content/ProjL/Blueprints/Widget/WBP_Healthbar.uasset" 615
"G:/UE/UE5_Proj/ProjL/Content/ProjL/Blueprints/Widget/WBP_Healthbar.uexp" 616
"G:/UE/UE5_Proj/ProjL/Content/ProjL/Blueprints/GameplayAbility/GAB/Enum_HitReactionDirType.uasset" 617
"G:/UE/UE5_Proj/ProjL/Content/ProjL/Blueprints/GameplayAbility/GAB/Enum_HitReactionDirType.uexp" 618
"G:/UE/UE5_Proj/ProjL/Content/ProjL/Blueprints/BPL/BPL_Helper.uasset" 619
"G:/UE/UE5_Proj/ProjL/Content/ProjL/Blueprints/BPL/BPL_Helper.uexp" 620
"G:/UE/UE5_Proj/ProjL/Content/ProjL/Blueprints/BPI/BPI_ActionAttack.uasset" 621
"G:/UE/UE5_Proj/ProjL/Content/ProjL/Blueprints/BPI/BPI_ActionAttack.uexp" 622
"G:/UE/UE5_Proj/ProjL/Content/Characters/BaseChara/Model/Right.uasset" 623
"G:/UE/UE5_Proj/ProjL/Content/Characters/BaseChara/Model/Right.uexp" 624
"G:/UE/UE5_Proj/ProjL/Content/Characters/BaseChara/Model/BaseChara_PhysicsAsset.uasset" 625
"G:/UE/UE5_Proj/ProjL/Content/Characters/BaseChara/Model/BaseChara_PhysicsAsset.uexp" 626
"G:/UE/UE5_Proj/ProjL/Content/Characters/BaseChara/Model/Mark.uasset" 627
"G:/UE/UE5_Proj/ProjL/Content/Characters/BaseChara/Model/Mark.uexp" 628
"G:/UE/UE5_Proj/ProjL/Content/Characters/BaseChara/Model/Left.uasset" 629
"G:/UE/UE5_Proj/ProjL/Content/Characters/BaseChara/Model/Left.uexp" 630
"G:/UE/UE5_Proj/ProjL/Content/Characters/BaseChara/Model/BaseChara.uasset" 631
"G:/UE/UE5_Proj/ProjL/Content/Characters/BaseChara/Model/BaseChara.uexp" 632
"G:/UE/UE5_Proj/ProjL/Content/ProjL/Blueprints/BaseBP/Base_Chara.uasset" 633
"G:/UE/UE5_Proj/ProjL/Content/ProjL/Blueprints/BaseBP/Base_Chara.uexp" 634
"G:/UE/UE5_Proj/ProjL/Content/ProjL/Blueprints/BPI/BPI_GAS_EventWrap.uasset" 635
"G:/UE/UE5_Proj/ProjL/Content/ProjL/Blueprints/BPI/BPI_GAS_EventWrap.uexp" 636
"G:/UE/UE5_Proj/ProjL/Content/ProjL/Blueprints/GameplayAbility/BPO_GAS_EventDataWrap.uasset" 637
"G:/UE/UE5_Proj/ProjL/Content/ProjL/Blueprints/GameplayAbility/BPO_GAS_EventDataWrap.uexp" 638
"G:/UE/UE5_Proj/ProjL/Content/ProjL/Blueprints/GameplayAbility/GAB/GAB_Trigger_Damage.uasset" 639
"G:/UE/UE5_Proj/ProjL/Content/ProjL/Blueprints/GameplayAbility/GAB/GAB_Trigger_Damage.uexp" 640
"G:/UE/UE5_Proj/ProjL/Content/ProjL/Blueprints/BaseBP/Base_ActorComponent.uasset" 641
"G:/UE/UE5_Proj/ProjL/Content/ProjL/Blueprints/BaseBP/Base_ActorComponent.uexp" 642
"G:/UE/UE5_Proj/ProjL/Content/ProjL/Blueprints/Components/BPC_HealthDamage.uasset" 643
"G:/UE/UE5_Proj/ProjL/Content/ProjL/Blueprints/Components/BPC_HealthDamage.uexp" 644
"G:/UE/UE5_Proj/ProjL/Content/ProjL/Blueprints/Enemy/AI/BTD_CheckDistance.uasset" 645
"G:/UE/UE5_Proj/ProjL/Content/ProjL/Blueprints/Enemy/AI/BTD_CheckDistance.uexp" 646
"G:/UE/UE5_Proj/ProjL/Content/ProjL/Blueprints/Enemy/AI/EQC_TargetActor.uasset" 647
"G:/UE/UE5_Proj/ProjL/Content/ProjL/Blueprints/Enemy/AI/EQC_TargetActor.uexp" 648
"G:/UE/UE5_Proj/ProjL/Content/ProjL/Blueprints/Enemy/AI/EQS_FindPlayer.uasset" 649
"G:/UE/UE5_Proj/ProjL/Content/ProjL/Blueprints/Enemy/AI/EQS_FindPlayer.uexp" 650
"G:/UE/UE5_Proj/ProjL/Content/ProjL/Blueprints/Enemy/AI/BB_BaseEnemy.uasset" 651
"G:/UE/UE5_Proj/ProjL/Content/ProjL/Blueprints/Enemy/AI/BB_BaseEnemy.uexp" 652
"G:/UE/UE5_Proj/ProjL/Content/ProjL/Blueprints/Enemy/AI/BTS_FindLocationFromPatrolVol.uasset" 653
"G:/UE/UE5_Proj/ProjL/Content/ProjL/Blueprints/Enemy/AI/BTS_FindLocationFromPatrolVol.uexp" 654
"G:/UE/UE5_Proj/ProjL/Content/Characters/BaseChara/Animations/Kicking4UE4_Retargeted1.uasset" 655
"G:/UE/UE5_Proj/ProjL/Content/Characters/BaseChara/Animations/Kicking4UE4_Retargeted1.uexp" 656
"G:/UE/UE5_Proj/ProjL/Content/Characters/BaseChara/Animations/Kicking4UE4_Retargeted2_Montage.uasset" 657
"G:/UE/UE5_Proj/ProjL/Content/Characters/BaseChara/Animations/Kicking4UE4_Retargeted2_Montage.uexp" 658
"G:/UE/UE5_Proj/ProjL/Content/ProjL/Blueprints/Enemy/AI/BTS_UpdateEnemyWalkSpeed.uasset" 659
"G:/UE/UE5_Proj/ProjL/Content/ProjL/Blueprints/Enemy/AI/BTS_UpdateEnemyWalkSpeed.uexp" 660
"G:/UE/UE5_Proj/ProjL/Content/ProjL/Blueprints/Enemy/AI/BT_BaseEnemy.uasset" 661
"G:/UE/UE5_Proj/ProjL/Content/ProjL/Blueprints/Enemy/AI/BT_BaseEnemy.uexp" 662
"G:/UE/UE5_Proj/ProjL/Content/ProjL/Blueprints/Enemy/AIC_CharaEnemy.uasset" 663
"G:/UE/UE5_Proj/ProjL/Content/ProjL/Blueprints/Enemy/AIC_CharaEnemy.uexp" 664
"G:/UE/UE5_Proj/ProjL/Content/ProjL/Blueprints/Enemy/BP_Enemy.uasset" 665
"G:/UE/UE5_Proj/ProjL/Content/ProjL/Blueprints/Enemy/BP_Enemy.uexp" 666
"../../../Engine/Content/EngineSky/T_Sky_Stars.ubulk" 667
"../../../Engine/Content/EngineSky/T_Sky_Stars.uasset" 668
"../../../Engine/Content/EngineSky/T_Sky_Stars.uexp" 669
"../../../Engine/Content/EngineSky/T_Sky_Clouds_M.ubulk" 670
"../../../Engine/Content/EngineSky/T_Sky_Clouds_M.uasset" 671
"../../../Engine/Content/EngineSky/T_Sky_Clouds_M.uexp" 672
"../../../Engine/Content/EngineSky/T_Sky_Blue.ubulk" 673
"../../../Engine/Content/EngineSky/T_Sky_Blue.uasset" 674
"../../../Engine/Content/EngineSky/T_Sky_Blue.uexp" 675
"../../../Engine/Content/EngineSky/M_Sky_Panning_Clouds2.uasset" 676
"../../../Engine/Content/EngineSky/M_Sky_Panning_Clouds2.uexp" 677
"../../../Engine/Content/EngineSky/SM_SkySphere.ubulk" 678
"../../../Engine/Content/EngineSky/SM_SkySphere.uasset" 679
"../../../Engine/Content/EngineSky/SM_SkySphere.uexp" 680
"../../../Engine/Content/BasicShapes/Sphere.ubulk" 681
"../../../Engine/Content/BasicShapes/Sphere.uasset" 682
"../../../Engine/Content/BasicShapes/Sphere.uexp" 683
"../../../Engine/Content/BasicShapes/BasicShapeMaterial.uasset" 684
"../../../Engine/Content/BasicShapes/BasicShapeMaterial.uexp" 685
"G:/UE/UE5_Proj/ProjL/Content/ProjL/Blueprints/BaseBP/Base_Actor.uasset" 686
"G:/UE/UE5_Proj/ProjL/Content/ProjL/Blueprints/BaseBP/Base_Actor.uexp" 687
"G:/UE/UE5_Proj/ProjL/Content/ProjL/Blueprints/BaseBP/BP_BaseProjectile.uasset" 688
"G:/UE/UE5_Proj/ProjL/Content/ProjL/Blueprints/BaseBP/BP_BaseProjectile.uexp" 689
"G:/UE/UE5_Proj/ProjL/Content/ProjL/Blueprints/Components/BPC_ProjectileAttackBase.uasset" 690
"G:/UE/UE5_Proj/ProjL/Content/ProjL/Blueprints/Components/BPC_ProjectileAttackBase.uexp" 691
"../../../Engine/Content/BasicShapes/Cube.ubulk" 692
"../../../Engine/Content/BasicShapes/Cube.uasset" 693
"../../../Engine/Content/BasicShapes/Cube.uexp" 694
"G:/UE/UE5_Proj/ProjL/Content/ProjL/Blueprints/BaseBP/Base_Pawn.uasset" 695
"G:/UE/UE5_Proj/ProjL/Content/ProjL/Blueprints/BaseBP/Base_Pawn.uexp" 696
"../../../Engine/Content/BasicShapes/Cone.ubulk" 697
"../../../Engine/Content/BasicShapes/Cone.uasset" 698
"../../../Engine/Content/BasicShapes/Cone.uexp" 699
"G:/UE/UE5_Proj/ProjL/Content/ProjL/Blueprints/Enemy/BP_GunTurret.uasset" 700
"G:/UE/UE5_Proj/ProjL/Content/ProjL/Blueprints/Enemy/BP_GunTurret.uexp" 701
"G:/UE/UE5_Proj/ProjL/Content/ProjL/Maps/TestMap_BuiltData.ubulk" 702
"G:/UE/UE5_Proj/ProjL/Content/ProjL/Maps/TestMap_BuiltData.uasset" 703
"G:/UE/UE5_Proj/ProjL/Content/ProjL/Maps/TestMap_BuiltData.uexp" 704
"../../../Engine/Content/MapTemplates/SM_Template_Map_Floor.ubulk" 705
"../../../Engine/Content/MapTemplates/SM_Template_Map_Floor.uasset" 706
"../../../Engine/Content/MapTemplates/SM_Template_Map_Floor.uexp" 707
"../../../Engine/Content/EngineSky/M_SimpleSkyDome.uasset" 708
"../../../Engine/Content/EngineSky/M_SimpleSkyDome.uexp" 709
"G:/UE/UE5_Proj/ProjL/Content/ProjL/Maps/TestMap.uexp" 710
"G:/UE/UE5_Proj/ProjL/Content/ProjL/Maps/TestMap.umap" 711
"../../../Engine/Content/Maps/Entry_BuiltData.uasset" 712
"../../../Engine/Content/Maps/Entry_BuiltData.uexp" 713
"../../../Engine/Content/Maps/Entry.uexp" 714
"../../../Engine/Content/Maps/Entry.umap" 715
